Job 45742 released

Begin simulations 

Simulation with r=0.0 complete
Simulation with r=0.05 complete
Simulation with r=0.1 complete
Simulation with r=0.15000000000000002 complete
Simulation with r=0.2 complete
Simulation with r=0.25 complete
Simulation with r=0.30000000000000004 complete
Simulation with r=0.35000000000000003 complete
Simulation with r=0.4 complete
Simulation with r=0.45 complete
Simulation with r=0.5 complete
Simulation with r=0.55 complete
Simulation with r=0.6000000000000001 complete
Simulation with r=0.65 complete
Simulation with r=0.7000000000000001 complete
Simulation with r=0.75 complete
Simulation with r=0.8 complete
Simulation with r=0.8500000000000001 complete
Simulation with r=0.9 complete
Simulation with r=0.9500000000000001 complete
Simulation with r=1.0 complete
Simulation with r=1.05 complete
Simulation with r=1.1 complete
Simulation with r=1.1500000000000001 complete
Simulation with r=1.2000000000000002 complete
Simulation with r=1.25 complete
Simulation with r=1.3 complete
Simulation with r=1.35 complete
Simulation with r=1.4000000000000001 complete
Simulation with r=1.4500000000000002 complete
Simulation with r=1.5 complete
Simulation with r=1.55 complete
Simulation with r=1.6 complete
Simulation with r=1.6500000000000001 complete
Simulation with r=1.7000000000000002 complete
Simulation with r=1.75 complete
Simulation with r=1.8 complete
Simulation with r=1.85 complete
Simulation with r=1.9000000000000001 complete
Simulation with r=1.9500000000000002 complete
Simulation with r=2.0 complete
Simulation with r=2.0500000000000003 complete
Simulation with r=2.1 complete
Simulation with r=2.15 complete
Simulation with r=2.2 complete
Simulation with r=2.25 complete
Simulation with r=2.3000000000000003 complete
Simulation with r=2.35 complete
Simulation with r=2.4000000000000004 complete
Simulation with r=2.45 complete
Simulation with r=2.5 complete
Simulation with r=2.5500000000000003 complete
Simulation with r=2.6 complete
Simulation with r=2.6500000000000004 complete
Simulation with r=2.7 complete
Simulation with r=2.75 complete
Simulation with r=2.8000000000000003 complete
Simulation with r=2.85 complete
Simulation with r=2.9000000000000004 complete
Simulation with r=2.95 complete
Simulation with r=3.0 complete
Simulation with r=3.0500000000000003 complete
Simulation with r=3.1 complete
Simulation with r=3.1500000000000004 complete
Simulation with r=3.2 complete
Simulation with r=3.25 complete
Simulation with r=3.3000000000000003 complete
Simulation with r=3.35 complete
Simulation with r=3.4000000000000004 complete
Simulation with r=3.45 complete
Simulation with r=3.5 complete
Simulation with r=3.5500000000000003 complete
Simulation with r=3.6 complete
Simulation with r=3.6500000000000004 complete
Simulation with r=3.7 complete
Simulation with r=3.75 complete
Simulation with r=3.8000000000000003 complete
Simulation with r=3.85 complete
Simulation with r=3.9000000000000004 complete
Simulation with r=3.95 complete
Simulation with r=4.0 complete
Simulation with r=4.05 complete
Simulation with r=4.1000000000000005 complete
Simulation with r=4.15 complete
Simulation with r=4.2 complete
Simulation with r=4.25 complete
Simulation with r=4.3 complete
Simulation with r=4.3500000000000005 complete
Simulation with r=4.4 complete
Simulation with r=4.45 complete
Simulation with r=4.5 complete
Simulation with r=4.55 complete
Simulation with r=4.6000000000000005 complete
Simulation with r=4.65 complete
Simulation with r=4.7 complete
Simulation with r=4.75 complete
Simulation with r=4.800000000000001 complete
Simulation with r=4.8500000000000005 complete
Simulation with r=4.9 complete
Simulation with r=4.95 complete

Begin EWS computation

EWS for r =  0.0 complete
EWS for r =  0.05 complete
EWS for r =  0.1 complete
EWS for r =  0.15000000000000002 complete
EWS for r =  0.2 complete
EWS for r =  0.25 complete
EWS for r =  0.30000000000000004 complete
EWS for r =  0.35000000000000003 complete
EWS for r =  0.4 complete
EWS for r =  0.45 complete
EWS for r =  0.5 complete
EWS for r =  0.55 complete
EWS for r =  0.6000000000000001 complete
EWS for r =  0.65 complete
EWS for r =  0.7000000000000001 complete
EWS for r =  0.75 complete
EWS for r =  0.8 complete
EWS for r =  0.8500000000000001 complete
EWS for r =  0.9 complete
EWS for r =  0.9500000000000001 complete
EWS for r =  1.0 complete
EWS for r =  1.05 complete
EWS for r =  1.1 complete
EWS for r =  1.1500000000000001 complete
EWS for r =  1.2000000000000002 complete
EWS for r =  1.25 complete
EWS for r =  1.3 complete
EWS for r =  1.35 complete
EWS for r =  1.4000000000000001 complete
EWS for r =  1.4500000000000002 complete
EWS for r =  1.5 complete
EWS for r =  1.55 complete
EWS for r =  1.6 complete
EWS for r =  1.6500000000000001 complete
EWS for r =  1.7000000000000002 complete
EWS for r =  1.75 complete
EWS for r =  1.8 complete
EWS for r =  1.85 complete
EWS for r =  1.9000000000000001 complete
EWS for r =  1.9500000000000002 complete
EWS for r =  2.0 complete
EWS for r =  2.0500000000000003 complete
EWS for r =  2.1 complete
EWS for r =  2.15 complete
EWS for r =  2.2 complete
EWS for r =  2.25 complete
EWS for r =  2.3000000000000003 complete
EWS for r =  2.35 complete
EWS for r =  2.4000000000000004 complete
EWS for r =  2.45 complete
EWS for r =  2.5 complete
EWS for r =  2.5500000000000003 complete
EWS for r =  2.6 complete
EWS for r =  2.6500000000000004 complete
EWS for r =  2.7 complete
EWS for r =  2.75 complete
EWS for r =  2.8000000000000003 complete
EWS for r =  2.85 complete
EWS for r =  2.9000000000000004 complete
EWS for r =  2.95 complete
EWS for r =  3.0 complete
EWS for r =  3.0500000000000003 complete
EWS for r =  3.1 complete
EWS for r =  3.1500000000000004 complete
EWS for r =  3.2 complete
EWS for r =  3.25 complete
EWS for r =  3.3000000000000003 complete
EWS for r =  3.35 complete
EWS for r =  3.4000000000000004 complete
EWS for r =  3.45 complete
EWS for r =  3.5 complete
EWS for r =  3.5500000000000003 complete
EWS for r =  3.6 complete
EWS for r =  3.6500000000000004 complete
EWS for r =  3.7 complete
EWS for r =  3.75 complete
EWS for r =  3.8000000000000003 complete
EWS for r =  3.85 complete
EWS for r =  3.9000000000000004 complete
EWS for r =  3.95 complete
EWS for r =  4.0 complete
EWS for r =  4.05 complete
EWS for r =  4.1000000000000005 complete
EWS for r =  4.15 complete
EWS for r =  4.2 complete
EWS for r =  4.25 complete
EWS for r =  4.3 complete
EWS for r =  4.3500000000000005 complete
EWS for r =  4.4 complete
EWS for r =  4.45 complete
EWS for r =  4.5 complete
EWS for r =  4.55 complete
EWS for r =  4.6000000000000005 complete
EWS for r =  4.65 complete
EWS for r =  4.7 complete
EWS for r =  4.75 complete
EWS for r =  4.800000000000001 complete
EWS for r =  4.8500000000000005 complete
EWS for r =  4.9 complete
EWS for r =  4.95 complete
