Job 523356 released
Install python modules
Collecting pandas>=0.24 (from -r requirements.txt (line 1))
  Using cached https://files.pythonhosted.org/packages/73/9b/52e228545d14f14bb2a1622e225f38463c8726645165e1cb7dde95bfe6d4/pandas-0.25.1-cp36-cp36m-manylinux1_x86_64.whl
Collecting numpy>=1.15 (from -r requirements.txt (line 2))
  Using cached https://files.pythonhosted.org/packages/e5/e6/c3fdc53aed9fa19d6ff3abf97dfad768ae3afce1b7431f7500000816bda5/numpy-1.17.2-cp36-cp36m-manylinux1_x86_64.whl
Collecting arch>=4.7 (from -r requirements.txt (line 3))
  Using cached https://files.pythonhosted.org/packages/b0/2f/7736b35776c02c4e5fd1f549f9444a96ed81f3e7662499a0e39ef4137148/arch-4.9.1-cp36-cp36m-manylinux1_x86_64.whl
Collecting lmfit>=0.9 (from -r requirements.txt (line 4))
Collecting ewstools (from -r requirements.txt (line 5))
  Using cached https://files.pythonhosted.org/packages/58/89/9037d314829f0470263d9bb52711c3380d9a9500d0a08fdd5b6501b9586c/ewstools-0.0.10-py3-none-any.whl
Collecting pytz>=2017.2 (from pandas>=0.24->-r requirements.txt (line 1))
  Using cached https://files.pythonhosted.org/packages/e7/f9/f0b53f88060247251bf481fa6ea62cd0d25bf1b11a87888e53ce5b7c8ad2/pytz-2019.3-py2.py3-none-any.whl
Collecting python-dateutil>=2.6.1 (from pandas>=0.24->-r requirements.txt (line 1))
  Using cached https://files.pythonhosted.org/packages/41/17/c62faccbfbd163c7f57f3844689e3a78bae1f403648a6afb1d0866d87fbb/python_dateutil-2.8.0-py2.py3-none-any.whl
Collecting property-cached>=1.6.2 (from arch>=4.7->-r requirements.txt (line 3))
  Using cached https://files.pythonhosted.org/packages/c0/11/6e91ff5fe0476492f023cebad434a1a34fc513cfa98ddb1f3e5c856d2d99/property_cached-1.6.3-py2.py3-none-any.whl
Collecting scipy>=1.0 (from arch>=4.7->-r requirements.txt (line 3))
  Using cached https://files.pythonhosted.org/packages/29/50/a552a5aff252ae915f522e44642bb49a7b7b31677f9580cfd11bcc869976/scipy-1.3.1-cp36-cp36m-manylinux1_x86_64.whl
Collecting statsmodels>=0.9 (from arch>=4.7->-r requirements.txt (line 3))
  Using cached https://files.pythonhosted.org/packages/60/d6/e9859e68e7d6c916fdff7d8e0958a7f5813485c52fc20d061273eaaddb0c/statsmodels-0.10.1-cp36-cp36m-manylinux1_x86_64.whl
Collecting cython>=0.29 (from arch>=4.7->-r requirements.txt (line 3))
  Using cached https://files.pythonhosted.org/packages/45/f2/a7101b3457561e57f5abcd6f5ac13190054fecd7370f58f36fe2d6574742/Cython-0.29.13-cp36-cp36m-manylinux1_x86_64.whl
Collecting uncertainties>=3.0 (from lmfit>=0.9->-r requirements.txt (line 4))
Collecting six>1.10 (from lmfit>=0.9->-r requirements.txt (line 4))
  Using cached https://files.pythonhosted.org/packages/73/fb/00a976f728d0d1fecfe898238ce23f502a721c0ac0ecfedb80e0d88c64e9/six-1.12.0-py2.py3-none-any.whl
Collecting asteval>=0.9.12 (from lmfit>=0.9->-r requirements.txt (line 4))
Collecting patsy>=0.4.0 (from statsmodels>=0.9->arch>=4.7->-r requirements.txt (line 3))
  Using cached https://files.pythonhosted.org/packages/ea/0c/5f61f1a3d4385d6bf83b83ea495068857ff8dfb89e74824c6e9eb63286d8/patsy-0.5.1-py2.py3-none-any.whl
Installing collected packages: numpy, pytz, six, python-dateutil, pandas, property-cached, scipy, patsy, statsmodels, cython, arch, uncertainties, asteval, lmfit, ewstools
Run python file
