Job 523641 released
Install python modules
Collecting ewstools
Collecting lmfit>=0.9 (from ewstools)
Collecting arch>=4.7 (from ewstools)
  Using cached https://files.pythonhosted.org/packages/05/24/98c80c9565a4e9f424cb857a34faafa8926cc079d555bdaad12efec1c490/arch-4.8.1-cp27-cp27mu-manylinux1_x86_64.whl
Collecting scipy>=0.19 (from lmfit>=0.9->ewstools)
  Using cached https://files.pythonhosted.org/packages/1d/f6/7c16d60aeb3694e5611976cb4f1eaf1c6b7f1e7c55771d691013405a02ea/scipy-1.2.2-cp27-cp27mu-manylinux1_x86_64.whl
Collecting six>1.10 (from lmfit>=0.9->ewstools)
  Using cached https://files.pythonhosted.org/packages/73/fb/00a976f728d0d1fecfe898238ce23f502a721c0ac0ecfedb80e0d88c64e9/six-1.12.0-py2.py3-none-any.whl
Collecting numpy>=1.10 (from lmfit>=0.9->ewstools)
  Using cached https://files.pythonhosted.org/packages/d7/b1/3367ea1f372957f97a6752ec725b87886e12af1415216feec9067e31df70/numpy-1.16.5-cp27-cp27mu-manylinux1_x86_64.whl
Collecting uncertainties>=3.0 (from lmfit>=0.9->ewstools)
Collecting asteval>=0.9.12 (from lmfit>=0.9->ewstools)
Collecting statsmodels>=0.8 (from arch>=4.7->ewstools)
  Using cached https://files.pythonhosted.org/packages/70/c6/f7944cecacd0b26c8dc026fb7e2c04f7b3f65365447ee851c0dad988ab1b/statsmodels-0.10.1-cp27-cp27mu-manylinux1_x86_64.whl
Collecting cached-property>=1.5.1 (from arch>=4.7->ewstools)
  Using cached https://files.pythonhosted.org/packages/3b/86/85c1be2e8db9e13ef9a350aecd6dea292bd612fa288c2f40d035bb750ded/cached_property-1.5.1-py2.py3-none-any.whl
Collecting pandas>=0.20 (from arch>=4.7->ewstools)
  Using cached https://files.pythonhosted.org/packages/db/83/7d4008ffc2988066ff37f6a0bb6d7b60822367dcb36ba5e39aa7801fda54/pandas-0.24.2-cp27-cp27mu-manylinux1_x86_64.whl
Collecting patsy>=0.4.0 (from statsmodels>=0.8->arch>=4.7->ewstools)
  Using cached https://files.pythonhosted.org/packages/ea/0c/5f61f1a3d4385d6bf83b83ea495068857ff8dfb89e74824c6e9eb63286d8/patsy-0.5.1-py2.py3-none-any.whl
Collecting pytz>=2011k (from pandas>=0.20->arch>=4.7->ewstools)
  Using cached https://files.pythonhosted.org/packages/e7/f9/f0b53f88060247251bf481fa6ea62cd0d25bf1b11a87888e53ce5b7c8ad2/pytz-2019.3-py2.py3-none-any.whl
Collecting python-dateutil>=2.5.0 (from pandas>=0.20->arch>=4.7->ewstools)
  Using cached https://files.pythonhosted.org/packages/41/17/c62faccbfbd163c7f57f3844689e3a78bae1f403648a6afb1d0866d87fbb/python_dateutil-2.8.0-py2.py3-none-any.whl
Installing collected packages: numpy, scipy, six, uncertainties, asteval, lmfit, patsy, pytz, python-dateutil, pandas, statsmodels, cached-property, arch, ewstools
Run python file with parameters
0.01 0.002
