Job 51722 released

Begin simulations 

Simulation with r=0.0 complete
Simulation with r=0.01 complete
Simulation with r=0.02 complete
Simulation with r=0.03 complete
Simulation with r=0.04 complete
Simulation with r=0.05 complete
Simulation with r=0.06 complete
Simulation with r=0.07 complete
Simulation with r=0.08 complete
Simulation with r=0.09 complete
Simulation with r=0.1 complete
Simulation with r=0.11 complete
Simulation with r=0.12 complete
Simulation with r=0.13 complete
Simulation with r=0.14 complete
Simulation with r=0.15 complete
Simulation with r=0.16 complete
Simulation with r=0.17 complete
Simulation with r=0.18 complete
Simulation with r=0.19 complete
Simulation with r=0.2 complete
Simulation with r=0.21 complete
Simulation with r=0.22 complete
Simulation with r=0.23 complete
Simulation with r=0.24 complete
Simulation with r=0.25 complete
Simulation with r=0.26 complete
Simulation with r=0.27 complete
Simulation with r=0.28 complete
Simulation with r=0.29 complete
Simulation with r=0.3 complete
Simulation with r=0.31 complete
Simulation with r=0.32 complete
Simulation with r=0.33 complete
Simulation with r=0.34 complete
Simulation with r=0.35000000000000003 complete
Simulation with r=0.36 complete
Simulation with r=0.37 complete
Simulation with r=0.38 complete
Simulation with r=0.39 complete
Simulation with r=0.4 complete
Simulation with r=0.41000000000000003 complete
Simulation with r=0.42 complete
Simulation with r=0.43 complete
Simulation with r=0.44 complete
Simulation with r=0.45 complete
Simulation with r=0.46 complete
Simulation with r=0.47000000000000003 complete
Simulation with r=0.48 complete
Simulation with r=0.49 complete
Simulation with r=0.5 complete
Simulation with r=0.51 complete
Simulation with r=0.52 complete
Simulation with r=0.53 complete
Simulation with r=0.54 complete
Simulation with r=0.55 complete
Simulation with r=0.56 complete
Simulation with r=0.5700000000000001 complete
Simulation with r=0.58 complete
Simulation with r=0.59 complete
Simulation with r=0.6 complete
Simulation with r=0.61 complete
Simulation with r=0.62 complete
Simulation with r=0.63 complete
Simulation with r=0.64 complete
Simulation with r=0.65 complete
Simulation with r=0.66 complete
Simulation with r=0.67 complete
Simulation with r=0.68 complete
Simulation with r=0.6900000000000001 complete
Simulation with r=0.7000000000000001 complete
Simulation with r=0.71 complete
Simulation with r=0.72 complete
Simulation with r=0.73 complete
Simulation with r=0.74 complete
Simulation with r=0.75 complete
Simulation with r=0.76 complete
Simulation with r=0.77 complete
Simulation with r=0.78 complete
Simulation with r=0.79 complete
Simulation with r=0.8 complete
Simulation with r=0.81 complete
Simulation with r=0.8200000000000001 complete
Simulation with r=0.8300000000000001 complete
Simulation with r=0.84 complete
Simulation with r=0.85 complete
Simulation with r=0.86 complete
Simulation with r=0.87 complete
Simulation with r=0.88 complete
Simulation with r=0.89 complete
Simulation with r=0.9 complete
Simulation with r=0.91 complete
Simulation with r=0.92 complete
Simulation with r=0.93 complete
Simulation with r=0.9400000000000001 complete
Simulation with r=0.9500000000000001 complete
Simulation with r=0.96 complete
Simulation with r=0.97 complete
Simulation with r=0.98 complete
Simulation with r=0.99 complete
Simulation with r=1.0 complete
Simulation with r=1.01 complete
Simulation with r=1.02 complete
Simulation with r=1.03 complete
Simulation with r=1.04 complete
Simulation with r=1.05 complete
Simulation with r=1.06 complete
Simulation with r=1.07 complete
Simulation with r=1.08 complete
Simulation with r=1.09 complete
Simulation with r=1.1 complete
Simulation with r=1.11 complete
Simulation with r=1.12 complete
Simulation with r=1.1300000000000001 complete
Simulation with r=1.1400000000000001 complete
Simulation with r=1.1500000000000001 complete
Simulation with r=1.16 complete
Simulation with r=1.17 complete
Simulation with r=1.18 complete
Simulation with r=1.19 complete
Simulation with r=1.2 complete
Simulation with r=1.21 complete
Simulation with r=1.22 complete
Simulation with r=1.23 complete
Simulation with r=1.24 complete
Simulation with r=1.25 complete
Simulation with r=1.26 complete
Simulation with r=1.27 complete
Simulation with r=1.28 complete
Simulation with r=1.29 complete
Simulation with r=1.3 complete
Simulation with r=1.31 complete
Simulation with r=1.32 complete
Simulation with r=1.33 complete
Simulation with r=1.34 complete
Simulation with r=1.35 complete
Simulation with r=1.36 complete
Simulation with r=1.37 complete
Simulation with r=1.3800000000000001 complete
Simulation with r=1.3900000000000001 complete
Simulation with r=1.4000000000000001 complete
Simulation with r=1.41 complete
Simulation with r=1.42 complete
Simulation with r=1.43 complete
Simulation with r=1.44 complete
Simulation with r=1.45 complete
Simulation with r=1.46 complete
Simulation with r=1.47 complete
Simulation with r=1.48 complete
Simulation with r=1.49 complete
Simulation with r=1.5 complete
Simulation with r=1.51 complete
Simulation with r=1.52 complete
Simulation with r=1.53 complete
Simulation with r=1.54 complete
Simulation with r=1.55 complete
Simulation with r=1.56 complete
Simulation with r=1.57 complete
Simulation with r=1.58 complete
Simulation with r=1.59 complete
Simulation with r=1.6 complete
Simulation with r=1.61 complete
Simulation with r=1.62 complete
Simulation with r=1.6300000000000001 complete
Simulation with r=1.6400000000000001 complete
Simulation with r=1.6500000000000001 complete
Simulation with r=1.6600000000000001 complete
Simulation with r=1.67 complete
Simulation with r=1.68 complete
Simulation with r=1.69 complete
Simulation with r=1.7 complete
Simulation with r=1.71 complete
Simulation with r=1.72 complete
Simulation with r=1.73 complete
Simulation with r=1.74 complete
Simulation with r=1.75 complete
Simulation with r=1.76 complete
Simulation with r=1.77 complete
Simulation with r=1.78 complete
Simulation with r=1.79 complete
Simulation with r=1.8 complete
Simulation with r=1.81 complete
Simulation with r=1.82 complete
Simulation with r=1.83 complete
Simulation with r=1.84 complete
Simulation with r=1.85 complete
Simulation with r=1.86 complete
Simulation with r=1.87 complete
Simulation with r=1.8800000000000001 complete
Simulation with r=1.8900000000000001 complete
Simulation with r=1.9000000000000001 complete
Simulation with r=1.9100000000000001 complete
Simulation with r=1.92 complete
Simulation with r=1.93 complete
Simulation with r=1.94 complete
Simulation with r=1.95 complete
Simulation with r=1.96 complete
Simulation with r=1.97 complete
Simulation with r=1.98 complete
Simulation with r=1.99 complete
Simulation with r=2.0 complete
Simulation with r=2.0100000000000002 complete
Simulation with r=2.02 complete
Simulation with r=2.0300000000000002 complete
Simulation with r=2.04 complete
Simulation with r=2.05 complete
Simulation with r=2.06 complete
Simulation with r=2.07 complete
Simulation with r=2.08 complete
Simulation with r=2.09 complete
Simulation with r=2.1 complete
Simulation with r=2.11 complete
Simulation with r=2.12 complete
Simulation with r=2.13 complete
Simulation with r=2.14 complete
Simulation with r=2.15 complete
Simulation with r=2.16 complete
Simulation with r=2.17 complete
Simulation with r=2.18 complete
Simulation with r=2.19 complete
Simulation with r=2.2 complete
Simulation with r=2.21 complete
Simulation with r=2.22 complete
Simulation with r=2.23 complete
Simulation with r=2.24 complete
Simulation with r=2.25 complete
Simulation with r=2.2600000000000002 complete
Simulation with r=2.27 complete
Simulation with r=2.2800000000000002 complete
Simulation with r=2.29 complete
Simulation with r=2.3000000000000003 complete
Simulation with r=2.31 complete
Simulation with r=2.32 complete
Simulation with r=2.33 complete
Simulation with r=2.34 complete
Simulation with r=2.35 complete
Simulation with r=2.36 complete
Simulation with r=2.37 complete
Simulation with r=2.38 complete
Simulation with r=2.39 complete
Simulation with r=2.4 complete
Simulation with r=2.41 complete
Simulation with r=2.42 complete
Simulation with r=2.43 complete
Simulation with r=2.44 complete
Simulation with r=2.45 complete
Simulation with r=2.46 complete
Simulation with r=2.47 complete
Simulation with r=2.48 complete
Simulation with r=2.49 complete
Simulation with r=2.5 complete
Simulation with r=2.5100000000000002 complete
Simulation with r=2.52 complete
Simulation with r=2.5300000000000002 complete
Simulation with r=2.54 complete
Simulation with r=2.5500000000000003 complete
Simulation with r=2.56 complete
Simulation with r=2.57 complete
Simulation with r=2.58 complete
Simulation with r=2.59 complete
Simulation with r=2.6 complete
Simulation with r=2.61 complete
Simulation with r=2.62 complete
Simulation with r=2.63 complete
Simulation with r=2.64 complete
Simulation with r=2.65 complete
Simulation with r=2.66 complete
Simulation with r=2.67 complete
Simulation with r=2.68 complete
Simulation with r=2.69 complete
Simulation with r=2.7 complete
Simulation with r=2.71 complete
Simulation with r=2.72 complete
Simulation with r=2.73 complete
Simulation with r=2.74 complete
Simulation with r=2.75 complete
Simulation with r=2.7600000000000002 complete
Simulation with r=2.77 complete
Simulation with r=2.7800000000000002 complete
Simulation with r=2.79 complete
Simulation with r=2.8000000000000003 complete
Simulation with r=2.81 complete
Simulation with r=2.82 complete
Simulation with r=2.83 complete
Simulation with r=2.84 complete
Simulation with r=2.85 complete
Simulation with r=2.86 complete
Simulation with r=2.87 complete
Simulation with r=2.88 complete
Simulation with r=2.89 complete
Simulation with r=2.9 complete
Simulation with r=2.91 complete
Simulation with r=2.92 complete
Simulation with r=2.93 complete
Simulation with r=2.94 complete
Simulation with r=2.95 complete
Simulation with r=2.96 complete
Simulation with r=2.97 complete
Simulation with r=2.98 complete
Simulation with r=2.99 complete
Simulation with r=3.0 complete
Simulation with r=3.0100000000000002 complete
Simulation with r=3.02 complete
Simulation with r=3.0300000000000002 complete
Simulation with r=3.04 complete
Simulation with r=3.0500000000000003 complete
Simulation with r=3.06 complete
Simulation with r=3.0700000000000003 complete
Simulation with r=3.08 complete
Simulation with r=3.09 complete
Simulation with r=3.1 complete
Simulation with r=3.11 complete
Simulation with r=3.12 complete
Simulation with r=3.13 complete
Simulation with r=3.14 complete
Simulation with r=3.15 complete
Simulation with r=3.16 complete
Simulation with r=3.17 complete
Simulation with r=3.18 complete
Simulation with r=3.19 complete
Simulation with r=3.2 complete
Simulation with r=3.21 complete
Simulation with r=3.22 complete
Simulation with r=3.23 complete
Simulation with r=3.24 complete
Simulation with r=3.25 complete
Simulation with r=3.2600000000000002 complete
Simulation with r=3.27 complete
Simulation with r=3.2800000000000002 complete
Simulation with r=3.29 complete
Simulation with r=3.3000000000000003 complete
Simulation with r=3.31 complete
Simulation with r=3.3200000000000003 complete
Simulation with r=3.33 complete
Simulation with r=3.34 complete
Simulation with r=3.35 complete
Simulation with r=3.36 complete
Simulation with r=3.37 complete
Simulation with r=3.38 complete
Simulation with r=3.39 complete
Simulation with r=3.4 complete
Simulation with r=3.41 complete
Simulation with r=3.42 complete
Simulation with r=3.43 complete
Simulation with r=3.44 complete
Simulation with r=3.45 complete
Simulation with r=3.46 complete
Simulation with r=3.47 complete
Simulation with r=3.48 complete
Simulation with r=3.49 complete
Simulation with r=3.5 complete
Simulation with r=3.5100000000000002 complete
Simulation with r=3.52 complete
Simulation with r=3.5300000000000002 complete
Simulation with r=3.54 complete
Simulation with r=3.5500000000000003 complete
Simulation with r=3.56 complete
Simulation with r=3.5700000000000003 complete
Simulation with r=3.58 complete
Simulation with r=3.59 complete
Simulation with r=3.6 complete
Simulation with r=3.61 complete
Simulation with r=3.62 complete
Simulation with r=3.63 complete
Simulation with r=3.64 complete
Simulation with r=3.65 complete
Simulation with r=3.66 complete
Simulation with r=3.67 complete
Simulation with r=3.68 complete
Simulation with r=3.69 complete
Simulation with r=3.7 complete
Simulation with r=3.71 complete
Simulation with r=3.72 complete
Simulation with r=3.73 complete
Simulation with r=3.74 complete
Simulation with r=3.75 complete
Simulation with r=3.7600000000000002 complete
Simulation with r=3.77 complete
Simulation with r=3.7800000000000002 complete
Simulation with r=3.79 complete
Simulation with r=3.8000000000000003 complete
Simulation with r=3.81 complete
Simulation with r=3.8200000000000003 complete
Simulation with r=3.83 complete
Simulation with r=3.84 complete
Simulation with r=3.85 complete
Simulation with r=3.86 complete
Simulation with r=3.87 complete
Simulation with r=3.88 complete
Simulation with r=3.89 complete
Simulation with r=3.9 complete
Simulation with r=3.91 complete
Simulation with r=3.92 complete
Simulation with r=3.93 complete
Simulation with r=3.94 complete
Simulation with r=3.95 complete
Simulation with r=3.96 complete
Simulation with r=3.97 complete
Simulation with r=3.98 complete
Simulation with r=3.99 complete
Simulation with r=4.0 complete
Simulation with r=4.01 complete
Simulation with r=4.0200000000000005 complete
Simulation with r=4.03 complete
Simulation with r=4.04 complete
Simulation with r=4.05 complete
Simulation with r=4.0600000000000005 complete
Simulation with r=4.07 complete
Simulation with r=4.08 complete
Simulation with r=4.09 complete
Simulation with r=4.1 complete
Simulation with r=4.11 complete
Simulation with r=4.12 complete
Simulation with r=4.13 complete
Simulation with r=4.14 complete
Simulation with r=4.15 complete
Simulation with r=4.16 complete
Simulation with r=4.17 complete
Simulation with r=4.18 complete
Simulation with r=4.19 complete
Simulation with r=4.2 complete
Simulation with r=4.21 complete
Simulation with r=4.22 complete
Simulation with r=4.23 complete
Simulation with r=4.24 complete
Simulation with r=4.25 complete
Simulation with r=4.26 complete
Simulation with r=4.2700000000000005 complete
Simulation with r=4.28 complete
Simulation with r=4.29 complete
Simulation with r=4.3 complete
Simulation with r=4.3100000000000005 complete
Simulation with r=4.32 complete
Simulation with r=4.33 complete
Simulation with r=4.34 complete
Simulation with r=4.3500000000000005 complete
Simulation with r=4.36 complete
Simulation with r=4.37 complete
Simulation with r=4.38 complete
Simulation with r=4.39 complete
Simulation with r=4.4 complete
Simulation with r=4.41 complete
Simulation with r=4.42 complete
Simulation with r=4.43 complete
Simulation with r=4.44 complete
Simulation with r=4.45 complete
Simulation with r=4.46 complete
Simulation with r=4.47 complete
Simulation with r=4.48 complete
Simulation with r=4.49 complete
Simulation with r=4.5 complete
Simulation with r=4.51 complete
Simulation with r=4.5200000000000005 complete
Simulation with r=4.53 complete
Simulation with r=4.54 complete
Simulation with r=4.55 complete
Simulation with r=4.5600000000000005 complete
Simulation with r=4.57 complete
Simulation with r=4.58 complete
Simulation with r=4.59 complete
Simulation with r=4.6000000000000005 complete
Simulation with r=4.61 complete
Simulation with r=4.62 complete
Simulation with r=4.63 complete
Simulation with r=4.64 complete
Simulation with r=4.65 complete
Simulation with r=4.66 complete
Simulation with r=4.67 complete
Simulation with r=4.68 complete
Simulation with r=4.69 complete
Simulation with r=4.7 complete
Simulation with r=4.71 complete
Simulation with r=4.72 complete
Simulation with r=4.73 complete
Simulation with r=4.74 complete
Simulation with r=4.75 complete
Simulation with r=4.76 complete
Simulation with r=4.7700000000000005 complete
Simulation with r=4.78 complete
Simulation with r=4.79 complete
Simulation with r=4.8 complete
Simulation with r=4.8100000000000005 complete
Simulation with r=4.82 complete
Simulation with r=4.83 complete
Simulation with r=4.84 complete
Simulation with r=4.8500000000000005 complete
Simulation with r=4.86 complete
Simulation with r=4.87 complete
Simulation with r=4.88 complete
Simulation with r=4.89 complete
Simulation with r=4.9 complete
Simulation with r=4.91 complete
Simulation with r=4.92 complete
Simulation with r=4.93 complete
Simulation with r=4.94 complete
Simulation with r=4.95 complete
Simulation with r=4.96 complete
Simulation with r=4.97 complete
Simulation with r=4.98 complete
Simulation with r=4.99 complete

Begin EWS computation

EWS for r =  0.0 complete
EWS for r =  0.01 complete
EWS for r =  0.02 complete
EWS for r =  0.03 complete
EWS for r =  0.04 complete
EWS for r =  0.05 complete
EWS for r =  0.06 complete
EWS for r =  0.07 complete
EWS for r =  0.08 complete
EWS for r =  0.09 complete
EWS for r =  0.1 complete
EWS for r =  0.11 complete
EWS for r =  0.12 complete
EWS for r =  0.13 complete
EWS for r =  0.14 complete
EWS for r =  0.15 complete
EWS for r =  0.16 complete
EWS for r =  0.17 complete
EWS for r =  0.18 complete
EWS for r =  0.19 complete
EWS for r =  0.2 complete
EWS for r =  0.21 complete
EWS for r =  0.22 complete
EWS for r =  0.23 complete
EWS for r =  0.24 complete
EWS for r =  0.25 complete
EWS for r =  0.26 complete
EWS for r =  0.27 complete
EWS for r =  0.28 complete
EWS for r =  0.29 complete
EWS for r =  0.3 complete
EWS for r =  0.31 complete
EWS for r =  0.32 complete
EWS for r =  0.33 complete
EWS for r =  0.34 complete
EWS for r =  0.35000000000000003 complete
EWS for r =  0.36 complete
EWS for r =  0.37 complete
EWS for r =  0.38 complete
EWS for r =  0.39 complete
EWS for r =  0.4 complete
EWS for r =  0.41000000000000003 complete
EWS for r =  0.42 complete
EWS for r =  0.43 complete
EWS for r =  0.44 complete
EWS for r =  0.45 complete
EWS for r =  0.46 complete
EWS for r =  0.47000000000000003 complete
EWS for r =  0.48 complete
EWS for r =  0.49 complete
EWS for r =  0.5 complete
EWS for r =  0.51 complete
EWS for r =  0.52 complete
EWS for r =  0.53 complete
EWS for r =  0.54 complete
EWS for r =  0.55 complete
EWS for r =  0.56 complete
EWS for r =  0.5700000000000001 complete
EWS for r =  0.58 complete
EWS for r =  0.59 complete
EWS for r =  0.6 complete
EWS for r =  0.61 complete
EWS for r =  0.62 complete
EWS for r =  0.63 complete
EWS for r =  0.64 complete
EWS for r =  0.65 complete
EWS for r =  0.66 complete
EWS for r =  0.67 complete
EWS for r =  0.68 complete
EWS for r =  0.6900000000000001 complete
EWS for r =  0.7000000000000001 complete
EWS for r =  0.71 complete
EWS for r =  0.72 complete
EWS for r =  0.73 complete
EWS for r =  0.74 complete
EWS for r =  0.75 complete
EWS for r =  0.76 complete
EWS for r =  0.77 complete
EWS for r =  0.78 complete
EWS for r =  0.79 complete
EWS for r =  0.8 complete
EWS for r =  0.81 complete
EWS for r =  0.8200000000000001 complete
EWS for r =  0.8300000000000001 complete
EWS for r =  0.84 complete
EWS for r =  0.85 complete
EWS for r =  0.86 complete
EWS for r =  0.87 complete
EWS for r =  0.88 complete
EWS for r =  0.89 complete
EWS for r =  0.9 complete
EWS for r =  0.91 complete
EWS for r =  0.92 complete
EWS for r =  0.93 complete
EWS for r =  0.9400000000000001 complete
EWS for r =  0.9500000000000001 complete
EWS for r =  0.96 complete
EWS for r =  0.97 complete
EWS for r =  0.98 complete
EWS for r =  0.99 complete
EWS for r =  1.0 complete
EWS for r =  1.01 complete
EWS for r =  1.02 complete
EWS for r =  1.03 complete
EWS for r =  1.04 complete
EWS for r =  1.05 complete
EWS for r =  1.06 complete
EWS for r =  1.07 complete
EWS for r =  1.08 complete
EWS for r =  1.09 complete
EWS for r =  1.1 complete
EWS for r =  1.11 complete
EWS for r =  1.12 complete
EWS for r =  1.1300000000000001 complete
EWS for r =  1.1400000000000001 complete
EWS for r =  1.1500000000000001 complete
EWS for r =  1.16 complete
EWS for r =  1.17 complete
EWS for r =  1.18 complete
EWS for r =  1.19 complete
EWS for r =  1.2 complete
EWS for r =  1.21 complete
EWS for r =  1.22 complete
EWS for r =  1.23 complete
EWS for r =  1.24 complete
EWS for r =  1.25 complete
EWS for r =  1.26 complete
EWS for r =  1.27 complete
EWS for r =  1.28 complete
EWS for r =  1.29 complete
EWS for r =  1.3 complete
EWS for r =  1.31 complete
EWS for r =  1.32 complete
EWS for r =  1.33 complete
EWS for r =  1.34 complete
EWS for r =  1.35 complete
EWS for r =  1.36 complete
EWS for r =  1.37 complete
EWS for r =  1.3800000000000001 complete
EWS for r =  1.3900000000000001 complete
EWS for r =  1.4000000000000001 complete
EWS for r =  1.41 complete
EWS for r =  1.42 complete
EWS for r =  1.43 complete
EWS for r =  1.44 complete
EWS for r =  1.45 complete
EWS for r =  1.46 complete
EWS for r =  1.47 complete
EWS for r =  1.48 complete
EWS for r =  1.49 complete
EWS for r =  1.5 complete
EWS for r =  1.51 complete
EWS for r =  1.52 complete
EWS for r =  1.53 complete
EWS for r =  1.54 complete
EWS for r =  1.55 complete
EWS for r =  1.56 complete
EWS for r =  1.57 complete
EWS for r =  1.58 complete
EWS for r =  1.59 complete
EWS for r =  1.6 complete
EWS for r =  1.61 complete
EWS for r =  1.62 complete
EWS for r =  1.6300000000000001 complete
EWS for r =  1.6400000000000001 complete
EWS for r =  1.6500000000000001 complete
EWS for r =  1.6600000000000001 complete
EWS for r =  1.67 complete
EWS for r =  1.68 complete
EWS for r =  1.69 complete
EWS for r =  1.7 complete
EWS for r =  1.71 complete
EWS for r =  1.72 complete
EWS for r =  1.73 complete
EWS for r =  1.74 complete
EWS for r =  1.75 complete
EWS for r =  1.76 complete
EWS for r =  1.77 complete
EWS for r =  1.78 complete
EWS for r =  1.79 complete
EWS for r =  1.8 complete
EWS for r =  1.81 complete
EWS for r =  1.82 complete
EWS for r =  1.83 complete
EWS for r =  1.84 complete
EWS for r =  1.85 complete
EWS for r =  1.86 complete
EWS for r =  1.87 complete
EWS for r =  1.8800000000000001 complete
EWS for r =  1.8900000000000001 complete
EWS for r =  1.9000000000000001 complete
EWS for r =  1.9100000000000001 complete
EWS for r =  1.92 complete
EWS for r =  1.93 complete
EWS for r =  1.94 complete
EWS for r =  1.95 complete
EWS for r =  1.96 complete
EWS for r =  1.97 complete
EWS for r =  1.98 complete
EWS for r =  1.99 complete
EWS for r =  2.0 complete
EWS for r =  2.0100000000000002 complete
EWS for r =  2.02 complete
EWS for r =  2.0300000000000002 complete
EWS for r =  2.04 complete
EWS for r =  2.05 complete
EWS for r =  2.06 complete
EWS for r =  2.07 complete
EWS for r =  2.08 complete
EWS for r =  2.09 complete
EWS for r =  2.1 complete
EWS for r =  2.11 complete
EWS for r =  2.12 complete
EWS for r =  2.13 complete
EWS for r =  2.14 complete
EWS for r =  2.15 complete
EWS for r =  2.16 complete
EWS for r =  2.17 complete
EWS for r =  2.18 complete
EWS for r =  2.19 complete
EWS for r =  2.2 complete
EWS for r =  2.21 complete
EWS for r =  2.22 complete
EWS for r =  2.23 complete
EWS for r =  2.24 complete
EWS for r =  2.25 complete
EWS for r =  2.2600000000000002 complete
EWS for r =  2.27 complete
EWS for r =  2.2800000000000002 complete
EWS for r =  2.29 complete
EWS for r =  2.3000000000000003 complete
EWS for r =  2.31 complete
EWS for r =  2.32 complete
EWS for r =  2.33 complete
EWS for r =  2.34 complete
EWS for r =  2.35 complete
EWS for r =  2.36 complete
EWS for r =  2.37 complete
EWS for r =  2.38 complete
EWS for r =  2.39 complete
EWS for r =  2.4 complete
EWS for r =  2.41 complete
EWS for r =  2.42 complete
EWS for r =  2.43 complete
EWS for r =  2.44 complete
EWS for r =  2.45 complete
EWS for r =  2.46 complete
EWS for r =  2.47 complete
EWS for r =  2.48 complete
EWS for r =  2.49 complete
EWS for r =  2.5 complete
EWS for r =  2.5100000000000002 complete
EWS for r =  2.52 complete
EWS for r =  2.5300000000000002 complete
EWS for r =  2.54 complete
EWS for r =  2.5500000000000003 complete
EWS for r =  2.56 complete
EWS for r =  2.57 complete
EWS for r =  2.58 complete
EWS for r =  2.59 complete
EWS for r =  2.6 complete
EWS for r =  2.61 complete
EWS for r =  2.62 complete
EWS for r =  2.63 complete
EWS for r =  2.64 complete
EWS for r =  2.65 complete
EWS for r =  2.66 complete
EWS for r =  2.67 complete
EWS for r =  2.68 complete
EWS for r =  2.69 complete
EWS for r =  2.7 complete
EWS for r =  2.71 complete
EWS for r =  2.72 complete
EWS for r =  2.73 complete
EWS for r =  2.74 complete
EWS for r =  2.75 complete
EWS for r =  2.7600000000000002 complete
EWS for r =  2.77 complete
EWS for r =  2.7800000000000002 complete
EWS for r =  2.79 complete
EWS for r =  2.8000000000000003 complete
EWS for r =  2.81 complete
EWS for r =  2.82 complete
EWS for r =  2.83 complete
EWS for r =  2.84 complete
EWS for r =  2.85 complete
EWS for r =  2.86 complete
EWS for r =  2.87 complete
EWS for r =  2.88 complete
EWS for r =  2.89 complete
EWS for r =  2.9 complete
EWS for r =  2.91 complete
EWS for r =  2.92 complete
EWS for r =  2.93 complete
EWS for r =  2.94 complete
EWS for r =  2.95 complete
EWS for r =  2.96 complete
EWS for r =  2.97 complete
EWS for r =  2.98 complete
EWS for r =  2.99 complete
EWS for r =  3.0 complete
EWS for r =  3.0100000000000002 complete
EWS for r =  3.02 complete
EWS for r =  3.0300000000000002 complete
EWS for r =  3.04 complete
EWS for r =  3.0500000000000003 complete
EWS for r =  3.06 complete
EWS for r =  3.0700000000000003 complete
EWS for r =  3.08 complete
EWS for r =  3.09 complete
EWS for r =  3.1 complete
EWS for r =  3.11 complete
EWS for r =  3.12 complete
EWS for r =  3.13 complete
EWS for r =  3.14 complete
EWS for r =  3.15 complete
EWS for r =  3.16 complete
EWS for r =  3.17 complete
EWS for r =  3.18 complete
EWS for r =  3.19 complete
EWS for r =  3.2 complete
EWS for r =  3.21 complete
EWS for r =  3.22 complete
EWS for r =  3.23 complete
EWS for r =  3.24 complete
EWS for r =  3.25 complete
EWS for r =  3.2600000000000002 complete
EWS for r =  3.27 complete
EWS for r =  3.2800000000000002 complete
EWS for r =  3.29 complete
EWS for r =  3.3000000000000003 complete
EWS for r =  3.31 complete
EWS for r =  3.3200000000000003 complete
EWS for r =  3.33 complete
EWS for r =  3.34 complete
EWS for r =  3.35 complete
EWS for r =  3.36 complete
EWS for r =  3.37 complete
EWS for r =  3.38 complete
EWS for r =  3.39 complete
EWS for r =  3.4 complete
EWS for r =  3.41 complete
EWS for r =  3.42 complete
EWS for r =  3.43 complete
EWS for r =  3.44 complete
EWS for r =  3.45 complete
EWS for r =  3.46 complete
EWS for r =  3.47 complete
EWS for r =  3.48 complete
EWS for r =  3.49 complete
EWS for r =  3.5 complete
EWS for r =  3.5100000000000002 complete
EWS for r =  3.52 complete
EWS for r =  3.5300000000000002 complete
EWS for r =  3.54 complete
EWS for r =  3.5500000000000003 complete
EWS for r =  3.56 complete
EWS for r =  3.5700000000000003 complete
EWS for r =  3.58 complete
EWS for r =  3.59 complete
EWS for r =  3.6 complete
EWS for r =  3.61 complete
EWS for r =  3.62 complete
EWS for r =  3.63 complete
EWS for r =  3.64 complete
EWS for r =  3.65 complete
EWS for r =  3.66 complete
EWS for r =  3.67 complete
EWS for r =  3.68 complete
EWS for r =  3.69 complete
EWS for r =  3.7 complete
EWS for r =  3.71 complete
EWS for r =  3.72 complete
EWS for r =  3.73 complete
EWS for r =  3.74 complete
EWS for r =  3.75 complete
EWS for r =  3.7600000000000002 complete
EWS for r =  3.77 complete
EWS for r =  3.7800000000000002 complete
EWS for r =  3.79 complete
EWS for r =  3.8000000000000003 complete
EWS for r =  3.81 complete
EWS for r =  3.8200000000000003 complete
EWS for r =  3.83 complete
EWS for r =  3.84 complete
EWS for r =  3.85 complete
EWS for r =  3.86 complete
EWS for r =  3.87 complete
EWS for r =  3.88 complete
EWS for r =  3.89 complete
EWS for r =  3.9 complete
EWS for r =  3.91 complete
EWS for r =  3.92 complete
EWS for r =  3.93 complete
EWS for r =  3.94 complete
EWS for r =  3.95 complete
EWS for r =  3.96 complete
EWS for r =  3.97 complete
EWS for r =  3.98 complete
EWS for r =  3.99 complete
EWS for r =  4.0 complete
EWS for r =  4.01 complete
EWS for r =  4.0200000000000005 complete
EWS for r =  4.03 complete
EWS for r =  4.04 complete
EWS for r =  4.05 complete
EWS for r =  4.0600000000000005 complete
EWS for r =  4.07 complete
EWS for r =  4.08 complete
EWS for r =  4.09 complete
EWS for r =  4.1 complete
EWS for r =  4.11 complete
EWS for r =  4.12 complete
EWS for r =  4.13 complete
EWS for r =  4.14 complete
EWS for r =  4.15 complete
EWS for r =  4.16 complete
EWS for r =  4.17 complete
EWS for r =  4.18 complete
EWS for r =  4.19 complete
EWS for r =  4.2 complete
EWS for r =  4.21 complete
EWS for r =  4.22 complete
EWS for r =  4.23 complete
EWS for r =  4.24 complete
EWS for r =  4.25 complete
EWS for r =  4.26 complete
EWS for r =  4.2700000000000005 complete
EWS for r =  4.28 complete
EWS for r =  4.29 complete
EWS for r =  4.3 complete
EWS for r =  4.3100000000000005 complete
EWS for r =  4.32 complete
EWS for r =  4.33 complete
EWS for r =  4.34 complete
EWS for r =  4.3500000000000005 complete
EWS for r =  4.36 complete
EWS for r =  4.37 complete
EWS for r =  4.38 complete
EWS for r =  4.39 complete
EWS for r =  4.4 complete
EWS for r =  4.41 complete
EWS for r =  4.42 complete
EWS for r =  4.43 complete
EWS for r =  4.44 complete
EWS for r =  4.45 complete
EWS for r =  4.46 complete
EWS for r =  4.47 complete
EWS for r =  4.48 complete
EWS for r =  4.49 complete
EWS for r =  4.5 complete
EWS for r =  4.51 complete
EWS for r =  4.5200000000000005 complete
EWS for r =  4.53 complete
EWS for r =  4.54 complete
EWS for r =  4.55 complete
EWS for r =  4.5600000000000005 complete
EWS for r =  4.57 complete
EWS for r =  4.58 complete
EWS for r =  4.59 complete
EWS for r =  4.6000000000000005 complete
EWS for r =  4.61 complete
EWS for r =  4.62 complete
EWS for r =  4.63 complete
EWS for r =  4.64 complete
EWS for r =  4.65 complete
EWS for r =  4.66 complete
EWS for r =  4.67 complete
EWS for r =  4.68 complete
EWS for r =  4.69 complete
EWS for r =  4.7 complete
EWS for r =  4.71 complete
EWS for r =  4.72 complete
EWS for r =  4.73 complete
EWS for r =  4.74 complete
EWS for r =  4.75 complete
EWS for r =  4.76 complete
EWS for r =  4.7700000000000005 complete
EWS for r =  4.78 complete
EWS for r =  4.79 complete
EWS for r =  4.8 complete
EWS for r =  4.8100000000000005 complete
EWS for r =  4.82 complete
EWS for r =  4.83 complete
EWS for r =  4.84 complete
EWS for r =  4.8500000000000005 complete
EWS for r =  4.86 complete
EWS for r =  4.87 complete
EWS for r =  4.88 complete
EWS for r =  4.89 complete
EWS for r =  4.9 complete
EWS for r =  4.91 complete
EWS for r =  4.92 complete
EWS for r =  4.93 complete
EWS for r =  4.94 complete
EWS for r =  4.95 complete
EWS for r =  4.96 complete
EWS for r =  4.97 complete
EWS for r =  4.98 complete
EWS for r =  4.99 complete

real	136m46.160s
user	136m35.359s
sys	0m4.095s
