Job 51718 released

Begin simulations 

Simulation with r=0.0 complete
Simulation with r=0.1 complete
Simulation with r=0.2 complete
Simulation with r=0.30000000000000004 complete
Simulation with r=0.4 complete
Simulation with r=0.5 complete
Simulation with r=0.6000000000000001 complete
Simulation with r=0.7000000000000001 complete
Simulation with r=0.8 complete
Simulation with r=0.9 complete
Simulation with r=1.0 complete
Simulation with r=1.1 complete
Simulation with r=1.2000000000000002 complete
Simulation with r=1.3 complete
Simulation with r=1.4000000000000001 complete
Simulation with r=1.5 complete
Simulation with r=1.6 complete
Simulation with r=1.7000000000000002 complete
Simulation with r=1.8 complete
Simulation with r=1.9000000000000001 complete
Simulation with r=2.0 complete
Simulation with r=2.1 complete
Simulation with r=2.2 complete
Simulation with r=2.3000000000000003 complete
Simulation with r=2.4000000000000004 complete
Simulation with r=2.5 complete
Simulation with r=2.6 complete
Simulation with r=2.7 complete
Simulation with r=2.8000000000000003 complete
Simulation with r=2.9000000000000004 complete
Simulation with r=3.0 complete
Simulation with r=3.1 complete
Simulation with r=3.2 complete
Simulation with r=3.3000000000000003 complete
Simulation with r=3.4000000000000004 complete
Simulation with r=3.5 complete
Simulation with r=3.6 complete
Simulation with r=3.7 complete
Simulation with r=3.8000000000000003 complete
Simulation with r=3.9000000000000004 complete
Simulation with r=4.0 complete
Simulation with r=4.1000000000000005 complete
Simulation with r=4.2 complete
Simulation with r=4.3 complete
Simulation with r=4.4 complete
Simulation with r=4.5 complete
Simulation with r=4.6000000000000005 complete
Simulation with r=4.7 complete
Simulation with r=4.800000000000001 complete
Simulation with r=4.9 complete

Begin EWS computation

Traceback (most recent call last):
  File "../../script_compute_ews.py", line 243, in <module>
    ews_dic = ews_compute(df_traj_filt.loc[r][var], 
NameError: name 'ews_compute' is not defined

real	0m8.484s
user	0m5.607s
sys	0m0.519s
